have_header: checking for vm_core.h... -------------------- no

"clang -o conftest -I/Users/yamashinayuya/.rbenv/versions/2.6.3/include/ruby-2.6.0/x86_64-darwin18 -I/Users/yamashinayuya/.rbenv/versions/2.6.3/include/ruby-2.6.0/ruby/backward -I/Users/yamashinayuya/.rbenv/versions/2.6.3/include/ruby-2.6.0 -I. -I/Users/yamashinayuya/.rbenv/sources/2.6.3/ruby-2.6.3 -I/Users/yamashinayuya/.rbenv/versions/2.6.3/include  -D_XOPEN_SOURCE -D_DARWIN_C_SOURCE -D_DARWIN_UNLIMITED_SELECT -D_REENTRANT    -O3 -Wno-error=shorten-64-to-32  -pipe conftest.c  -L. -L/Users/yamashinayuya/.rbenv/versions/2.6.3/lib -L. -L/Users/yamashinayuya/.rbenv/versions/2.6.3/lib  -fstack-protector-strong -L/usr/local/lib     -lruby.2.6-static -framework Security -framework Foundation -lpthread -ldl -lobjc   "
checked program was:
/* begin */
1: #include "ruby.h"
2: 
3: int main(int argc, char **argv)
4: {
5:   return 0;
6: }
/* end */

"clang -E -I/Users/yamashinayuya/.rbenv/versions/2.6.3/include/ruby-2.6.0/x86_64-darwin18 -I/Users/yamashinayuya/.rbenv/versions/2.6.3/include/ruby-2.6.0/ruby/backward -I/Users/yamashinayuya/.rbenv/versions/2.6.3/include/ruby-2.6.0 -I. -I/Users/yamashinayuya/.rbenv/sources/2.6.3/ruby-2.6.3 -I/Users/yamashinayuya/.rbenv/versions/2.6.3/include  -D_XOPEN_SOURCE -D_DARWIN_C_SOURCE -D_DARWIN_UNLIMITED_SELECT -D_REENTRANT    -O3 -Wno-error=shorten-64-to-32  -pipe  conftest.c -o conftest.i"
conftest.c:3:10: fatal error: 'vm_core.h' file not found
#include <vm_core.h>
         ^~~~~~~~~~~
1 error generated.
checked program was:
/* begin */
1: #include "ruby.h"
2: 
3: #include <vm_core.h>
/* end */

--------------------

have_header: checking for vm_core.h... -------------------- no

"clang -E -I/Users/yamashinayuya/.rbenv/versions/2.6.3/include/ruby-2.6.0/x86_64-darwin18 -I/Users/yamashinayuya/.rbenv/versions/2.6.3/include/ruby-2.6.0/ruby/backward -I/Users/yamashinayuya/.rbenv/versions/2.6.3/include/ruby-2.6.0 -I. -I/Users/yamashinayuya/.rbenv/versions/2.6.3/include/ruby-2.6.0/ruby-2.6.3-p62  -O3 -Wno-error=shorten-64-to-32  -pipe  conftest.c -o conftest.i"
conftest.c:3:10: fatal error: 'vm_core.h' file not found
#include <vm_core.h>
         ^~~~~~~~~~~
1 error generated.
checked program was:
/* begin */
1: #include "ruby.h"
2: 
3: #include <vm_core.h>
/* end */

--------------------

have_header: checking for vm_core.h... -------------------- yes

"clang -E -I/Users/yamashinayuya/.rbenv/versions/2.6.3/include/ruby-2.6.0/x86_64-darwin18 -I/Users/yamashinayuya/.rbenv/versions/2.6.3/include/ruby-2.6.0/ruby/backward -I/Users/yamashinayuya/.rbenv/versions/2.6.3/include/ruby-2.6.0 -I. -I/Users/yamashinayuya/KANMAP/vendor/bundler/ruby/2.6.0/gems/debase-ruby_core_source-0.10.5/lib/debase/ruby_core_source/ruby-2.6.0-p0  -O3 -Wno-error=shorten-64-to-32  -pipe  conftest.c -o conftest.i"
checked program was:
/* begin */
1: #include "ruby.h"
2: 
3: #include <vm_core.h>
/* end */

--------------------

have_header: checking for iseq.h... -------------------- yes

"clang -E -I/Users/yamashinayuya/.rbenv/versions/2.6.3/include/ruby-2.6.0/x86_64-darwin18 -I/Users/yamashinayuya/.rbenv/versions/2.6.3/include/ruby-2.6.0/ruby/backward -I/Users/yamashinayuya/.rbenv/versions/2.6.3/include/ruby-2.6.0 -I. -I/Users/yamashinayuya/KANMAP/vendor/bundler/ruby/2.6.0/gems/debase-ruby_core_source-0.10.5/lib/debase/ruby_core_source/ruby-2.6.0-p0  -O3 -Wno-error=shorten-64-to-32  -pipe  conftest.c -o conftest.i"
checked program was:
/* begin */
1: #include "ruby.h"
2: 
3: #include <iseq.h>
/* end */

--------------------

have_header: checking for version.h... -------------------- yes

"clang -E -I/Users/yamashinayuya/.rbenv/versions/2.6.3/include/ruby-2.6.0/x86_64-darwin18 -I/Users/yamashinayuya/.rbenv/versions/2.6.3/include/ruby-2.6.0/ruby/backward -I/Users/yamashinayuya/.rbenv/versions/2.6.3/include/ruby-2.6.0 -I. -I/Users/yamashinayuya/KANMAP/vendor/bundler/ruby/2.6.0/gems/debase-ruby_core_source-0.10.5/lib/debase/ruby_core_source/ruby-2.6.0-p0  -O3 -Wno-error=shorten-64-to-32  -pipe  conftest.c -o conftest.i"
checked program was:
/* begin */
1: #include "ruby.h"
2: 
3: #include <version.h>
/* end */

--------------------

have_header: checking for vm_core.h... -------------------- yes

"clang -E -I/Users/yamashinayuya/.rbenv/versions/2.6.3/include/ruby-2.6.0/x86_64-darwin18 -I/Users/yamashinayuya/.rbenv/versions/2.6.3/include/ruby-2.6.0/ruby/backward -I/Users/yamashinayuya/.rbenv/versions/2.6.3/include/ruby-2.6.0 -I. -I/Users/yamashinayuya/KANMAP/vendor/bundler/ruby/2.6.0/gems/debase-ruby_core_source-0.10.5/lib/debase/ruby_core_source/ruby-2.6.0-p0  -O3 -Wno-error=shorten-64-to-32  -pipe  conftest.c -o conftest.i"
checked program was:
/* begin */
1: #include "ruby.h"
2: 
3: #include <vm_core.h>
/* end */

--------------------

have_header: checking for vm_insnhelper.h... -------------------- yes

"clang -E -I/Users/yamashinayuya/.rbenv/versions/2.6.3/include/ruby-2.6.0/x86_64-darwin18 -I/Users/yamashinayuya/.rbenv/versions/2.6.3/include/ruby-2.6.0/ruby/backward -I/Users/yamashinayuya/.rbenv/versions/2.6.3/include/ruby-2.6.0 -I. -I/Users/yamashinayuya/KANMAP/vendor/bundler/ruby/2.6.0/gems/debase-ruby_core_source-0.10.5/lib/debase/ruby_core_source/ruby-2.6.0-p0  -O3 -Wno-error=shorten-64-to-32  -pipe  conftest.c -o conftest.i"
checked program was:
/* begin */
1: #include "ruby.h"
2: 
3: #include <vm_insnhelper.h>
/* end */

--------------------

have_header: checking for vm_core.h... -------------------- yes

"clang -E -I/Users/yamashinayuya/.rbenv/versions/2.6.3/include/ruby-2.6.0/x86_64-darwin18 -I/Users/yamashinayuya/.rbenv/versions/2.6.3/include/ruby-2.6.0/ruby/backward -I/Users/yamashinayuya/.rbenv/versions/2.6.3/include/ruby-2.6.0 -I. -I/Users/yamashinayuya/KANMAP/vendor/bundler/ruby/2.6.0/gems/debase-ruby_core_source-0.10.5/lib/debase/ruby_core_source/ruby-2.6.0-p0  -O3 -Wno-error=shorten-64-to-32  -pipe  conftest.c -o conftest.i"
checked program was:
/* begin */
1: #include "ruby.h"
2: 
3: #include <vm_core.h>
/* end */

--------------------

have_header: checking for method.h... -------------------- yes

"clang -E -I/Users/yamashinayuya/.rbenv/versions/2.6.3/include/ruby-2.6.0/x86_64-darwin18 -I/Users/yamashinayuya/.rbenv/versions/2.6.3/include/ruby-2.6.0/ruby/backward -I/Users/yamashinayuya/.rbenv/versions/2.6.3/include/ruby-2.6.0 -I. -I/Users/yamashinayuya/KANMAP/vendor/bundler/ruby/2.6.0/gems/debase-ruby_core_source-0.10.5/lib/debase/ruby_core_source/ruby-2.6.0-p0  -O3 -Wno-error=shorten-64-to-32  -pipe  conftest.c -o conftest.i"
checked program was:
/* begin */
1: #include "ruby.h"
2: 
3: #include <method.h>
/* end */

--------------------

